#-----------------------------------------------------------
# Vivado v2024.2 (64-bit)
# SW Build 5239630 on Fri Nov 08 22:35:27 MST 2024
# IP Build 5239520 on Sun Nov 10 16:12:51 MST 2024
# SharedData Build 5239561 on Fri Nov 08 14:39:27 MST 2024
# Start of session at: Sun Mar 30 12:37:20 2025
# Process ID         : 17640
# Current directory  : C:/Users/bhati/OneDrive/Desktop/Vivado/vedic_multiplier
# Command line       : vivado.exe -gui_launcher_event rodinguilauncherevent9552 C:\Users\bhati\OneDrive\Desktop\Vivado\vedic_multiplier\vedic_multiplier.xpr
# Log file           : C:/Users/bhati/OneDrive/Desktop/Vivado/vedic_multiplier/vivado.log
# Journal file       : C:/Users/bhati/OneDrive/Desktop/Vivado/vedic_multiplier\vivado.jou
# Running On         : Jyotsna
# Platform           : Windows Server 2016 or Windows 10
# Operating System   : 26100
# Processor Detail   : 12th Gen Intel(R) Core(TM) i5-12450H
# CPU Frequency      : 2496 MHz
# CPU Physical cores : 8
# CPU Logical cores  : 12
# Host memory        : 16802 MB
# Swap memory        : 1073 MB
# Total Virtual      : 17876 MB
# Available Virtual  : 7066 MB
#-----------------------------------------------------------
start_gui
open_project C:/Users/bhati/OneDrive/Desktop/Vivado/vedic_multiplier/vedic_multiplier.xpr
INFO: [filemgmt 56-3] Default IP Output Path : Could not find the directory 'C:/Users/bhati/OneDrive/Desktop/Vivado/vedic_multiplier/vedic_multiplier.gen/sources_1'.
Scanning sources...
Finished scanning sources
IINFO: [IP_Flow 19-234] Refreshing IP repositories
INFO: [IP_Flow 19-1704] No user IP repositories specifiedIINFO: [IP_Flow 19-2313] Loaded Vivado IP repository 'C:/Vivado/Vivado/2024.2/data/ip'.oopen_project: Time (s): cpu = 00:00:16 ; elapsed = 00:00:09 . Memory (MB): peak = 1202.555 ; gain = 110.148uupdate_compile_order -fileset sources_1eexit
INFO: [Common 17-206] Exiting Vivado at Sun Mar 30 12:38:15 2025...
