INFO: [VRFC 10-2263] Analyzing Verilog file "C:/Vivado_projects/Vivado/vedic_multiplier/vedic_multiplier.srcs/sources_1/new/adder_12bit.v" into library xil_defaultlib
INFO: [VRFC 10-311] analyzing module adder_12bit
INFO: [VRFC 10-2263] Analyzing Verilog file "C:/Vivado_projects/Vivado/vedic_multiplier/vedic_multiplier.srcs/sources_1/new/adder_4bit.v" into library xil_defaultlib
INFO: [VRFC 10-311] analyzing module adder_4bit
INFO: [VRFC 10-2263] Analyzing Verilog file "C:/Vivado_projects/Vivado/vedic_multiplier/vedic_multiplier.srcs/sources_1/new/adder_6bit.v" into library xil_defaultlib
INFO: [VRFC 10-311] analyzing module adder_6bit
INFO: [VRFC 10-2263] Analyzing Verilog file "C:/Vivado_projects/Vivado/vedic_multiplier/vedic_multiplier.srcs/sources_1/new/adder_8bit.v" into library xil_defaultlib
INFO: [VRFC 10-311] analyzing module adder_8bit
INFO: [VRFC 10-2263] Analyzing Verilog file "C:/Vivado_projects/Vivado/vedic_multiplier/vedic_multiplier.srcs/sources_1/new/half_adder.v" into library xil_defaultlib
INFO: [VRFC 10-311] analyzing module half_adder
INFO: [VRFC 10-2263] Analyzing Verilog file "C:/Vivado_projects/Vivado/vedic_multiplier/vedic_multiplier.srcs/sources_1/new/multiply_2to2.v" into library xil_defaultlib
INFO: [VRFC 10-311] analyzing module multiply_2to2
INFO: [VRFC 10-2263] Analyzing Verilog file "C:/Vivado_projects/Vivado/vedic_multiplier/vedic_multiplier.srcs/sources_1/new/multiply_4to4.v" into library xil_defaultlib
INFO: [VRFC 10-311] analyzing module multiply_4to4
INFO: [VRFC 10-2263] Analyzing Verilog file "C:/Vivado_projects/Vivado/vedic_multiplier/vedic_multiplier.srcs/sources_1/new/multiply_8to8.v" into library xil_defaultlib
INFO: [VRFC 10-311] analyzing module multiply_8to8
INFO: [VRFC 10-2263] Analyzing Verilog file "C:/Vivado_projects/Vivado/vedic_multiplier/vedic_multiplier.srcs/sim_1/new/tb_multiplier_8bit.v" into library xil_defaultlib
INFO: [VRFC 10-311] analyzing module tb_multiplier_8bit
INFO: [VRFC 10-2263] Analyzing Verilog file "C:/Vivado_projects/Vivado/vedic_multiplier/vedic_multiplier.sim/sim_1/behav/xsim/glbl.v" into library xil_defaultlib
INFO: [VRFC 10-311] analyzing module glbl
